10/23/2023, 7:36:01 PM: Failed to create content type. Error: {
  "status": 409,
  "statusText": "Conflict",
  "message": "",
  "details": {},
  "request": {
    "url": "/spaces/v4doujxxktp2/environments/master/content_types/whoWeAre",
    "headers": {
      "Accept": "application/json, text/plain, */*",
      "Content-Type": "application/vnd.contentful.management.v1+json",
      "X-Contentful-User-Agent": "sdk contentful-management.js/0.0.0-determined-by-semantic-release; platform node.js/v18.18.2; os Windows/v18.18.2;",
      "Authorization": "Bearer ...-A9Bk",
      "User-Agent": "axios/1.5.1",
      "Content-Length": "198",
      "Accept-Encoding": "gzip, compress, deflate, br"
    },
    "method": "put",
    "payloadData": "{\"name\":\"Who We Are\",\"fields\":[{\"id\":\"slug\",\"name\":\"slug\",\"required\":false,\"localized\":false,\"type\":\"Symbol\"},{\"id\":\"content\",\"name\":\"content\",\"required\":false,\"localized\":false,\"type\":\"RichText\"}]}"
  },
  "requestId": "7ae123b5-865c-447f-b2ca-55c3c4bf998f"
}. Page Ref:https://www.gwagroup.com.au/who-we-are/company-history 
10/23/2023, 7:36:03 PM: Failed to create content type. Error: {
  "status": 409,
  "statusText": "Conflict",
  "message": "",
  "details": {},
  "request": {
    "url": "/spaces/v4doujxxktp2/environments/master/content_types/socialResponsibility",
    "headers": {
      "Accept": "application/json, text/plain, */*",
      "Content-Type": "application/vnd.contentful.management.v1+json",
      "X-Contentful-User-Agent": "sdk contentful-management.js/0.0.0-determined-by-semantic-release; platform node.js/v18.18.2; os Windows/v18.18.2;",
      "Authorization": "Bearer ...-A9Bk",
      "User-Agent": "axios/1.5.1",
      "Content-Length": "209",
      "Accept-Encoding": "gzip, compress, deflate, br"
    },
    "method": "put",
    "payloadData": "{\"name\":\"Social Responsibility\",\"fields\":[{\"id\":\"slug\",\"name\":\"slug\",\"required\":false,\"localized\":false,\"type\":\"Symbol\"},{\"id\":\"content\",\"name\":\"content\",\"required\":false,\"localized\":false,\"type\":\"RichText\"}]}"
  },
  "requestId": "b3a06675-df70-4a74-adab-3d2c9a2e6463"
}. Page Ref:https://www.gwagroup.com.au/social-responsibility/covid-19-response 
10/23/2023, 7:36:04 PM: Failed to create content type. Error: {
  "status": 409,
  "statusText": "Conflict",
  "message": "",
  "details": {},
  "request": {
    "url": "/spaces/v4doujxxktp2/environments/master/content_types/socialResponsibility",
    "headers": {
      "Accept": "application/json, text/plain, */*",
      "Content-Type": "application/vnd.contentful.management.v1+json",
      "X-Contentful-User-Agent": "sdk contentful-management.js/0.0.0-determined-by-semantic-release; platform node.js/v18.18.2; os Windows/v18.18.2;",
      "Authorization": "Bearer ...-A9Bk",
      "User-Agent": "axios/1.5.1",
      "Content-Length": "209",
      "Accept-Encoding": "gzip, compress, deflate, br"
    },
    "method": "put",
    "payloadData": "{\"name\":\"Social Responsibility\",\"fields\":[{\"id\":\"slug\",\"name\":\"slug\",\"required\":false,\"localized\":false,\"type\":\"Symbol\"},{\"id\":\"content\",\"name\":\"content\",\"required\":false,\"localized\":false,\"type\":\"RichText\"}]}"
  },
  "requestId": "26fe2fb6-513d-497a-9f09-e0b331f58053"
}. Page Ref:https://www.gwagroup.com.au/social-responsibility/our-communities 
10/23/2023, 7:36:06 PM: Failed to create content type. Error: {
  "status": 409,
  "statusText": "Conflict",
  "message": "",
  "details": {},
  "request": {
    "url": "/spaces/v4doujxxktp2/environments/master/content_types/socialResponsibility",
    "headers": {
      "Accept": "application/json, text/plain, */*",
      "Content-Type": "application/vnd.contentful.management.v1+json",
      "X-Contentful-User-Agent": "sdk contentful-management.js/0.0.0-determined-by-semantic-release; platform node.js/v18.18.2; os Windows/v18.18.2;",
      "Authorization": "Bearer ...-A9Bk",
      "User-Agent": "axios/1.5.1",
      "Content-Length": "209",
      "Accept-Encoding": "gzip, compress, deflate, br"
    },
    "method": "put",
    "payloadData": "{\"name\":\"Social Responsibility\",\"fields\":[{\"id\":\"slug\",\"name\":\"slug\",\"required\":false,\"localized\":false,\"type\":\"Symbol\"},{\"id\":\"content\",\"name\":\"content\",\"required\":false,\"localized\":false,\"type\":\"RichText\"}]}"
  },
  "requestId": "92de5d6b-9921-4c87-a6f8-9de586773c83"
}. Page Ref:https://www.gwagroup.com.au/social-responsibility/modern-slavery 
